effbf000

6828 decimal is 15254 octal!
Physical memory: 66556K available, base = 640K, extended = 65532K
check_page_alloc() succeeded!
page_check() succeeded!
check_boot_pgdir() succeeded!
enabled interrupts: 1 2
	     Setup timer interrupts via 8259A
enabled interrupts: 0 1 2
	     unmasked timer interrupt
[00000000] new env 00001000
[00000000] new env 00001001
[00001001] new env 00001002
2 [00001002] new env 00001003
3 [00001003] new env 00001004
5 [00001004] new env 00001005
7 [00001005] new env 00001006
11 [00001006] new env 00001007
13 [00001007] new env 00001008
17 [00001008] new env 00001009
19 [00001009] new env 0000100a
23 [0000100a] new env 0000100b
29 [0000100b] new env 0000100c
31 [0000100c] new env 0000100d
37 [0000100d] new env 0000100e
41 [0000100e] new env 0000100f
43 [0000100f] new env 00001010
47 [00001010] new env 00001011
53 [00001011] new env 00001012
59 [00001012] new env 00001013
61 [00001013] new env 00001014
67 [00001014] new env 00001015
71 [00001015] new env 00001016
73 [00001016] new env 00001017
79 [00001017] new env 00001018
83 [00001018] new env 00001019
89 [00001019] new env 0000101a
97 [0000101a] new env 0000101b
101 [0000101b] new env 0000101c
103 [0000101c] new env 0000101d
107 [0000101d] new env 0000101e
109 [0000101e] new env 0000101f
113 [0000101f] new env 00001020
127 [00001020] new env 00001021
131 [00001021] new env 00001022
137 [00001022] new env 00001023
139 [00001023] new env 00001024
149 [00001024] new env 00001025
151 [00001025] new env 00001026
157 [00001026] new env 00001027
163 [00001027] new env 00001028
167 [00001028] new env 00001029
173 [00001029] new env 0000102a
179 [0000102a] new env 0000102b
181 [0000102b] new env 0000102c
191 [0000102c] new env 0000102d
193 [0000102d] new env 0000102e
197 [0000102e] new env 0000102f
199 [0000102f] new env 00001030
211 [00001030] new env 00001031
223 [00001031] new env 00001032
227 [00001032] new env 00001033
229 [00001033] new env 00001034
233 [00001034] new env 00001035
239 [00001035] new env 00001036
241 [00001036] new env 00001037
251 [00001037] new env 00001038
257 [00001038] new env 00001039
263 [00001039] new env 0000103a
269 [0000103a] new env 0000103b
271 [0000103b] new env 0000103c
277 [0000103c] new env 0000103d
281 [0000103d] new env 0000103e
283 [0000103e] new env 0000103f
293 [0000103f] new env 00001040
307 [00001040] new env 00001041
311 [00001041] new env 00001042
313 [00001042] new env 00001043
317 [00001043] new env 00001044
331 [00001044] new env 00001045
337 [00001045] new env 00001046
347 [00001046] new env 00001047
349 [00001047] new env 00001048
353 [00001048] new env 00001049
359 [00001049] new env 0000104a
367 [0000104a] new env 0000104b
373 [0000104b] new env 0000104c
379 [0000104c] new env 0000104d
383 [0000104d] new env 0000104e
389 [0000104e] new env 0000104f
397 [0000104f] new env 00001050
401 [00001050] new env 00001051
user panic in (PROGRAM NAME UNKNOWN) at lib/fork.c:29: pgfault: faulting access not a write
Welcome to the JOS kernel monitor!
Type 'help' for a list of commands.
TRAP frame at 0xf01f84d0
  edi  0x00000000
  esi  0x00000199
  ebp  0xeebfff90
  oesp 0xefbfffdc
  ebx  0xeebfffa4
  edx  0xeebffe48
  ecx  0x00000001
  eax  0x00000001
  es   0x----0023
  ds   0x----0023
  trap 0x00000003 Breakpoint
  err  0x00000000
  eip  0x0080020a
  cs   0x----001b
  flag 0x00000296
  esp  0xeebfff78
  ss   0x----0023
